{"/Users/vientang/Desktop/vientang-frontend-test/westeros-recipes/src/components/containers/Login.js": {"path":"/Users/vientang/Desktop/vientang-frontend-test/westeros-recipes/src/components/containers/Login.js","statementMap":{"0":{"start":{"line":6,"column":4},"end":{"line":6,"column":11}},"1":{"start":{"line":7,"column":4},"end":{"line":14,"column":5}},"2":{"start":{"line":15,"column":4},"end":{"line":15,"column":50}},"3":{"start":{"line":16,"column":4},"end":{"line":16,"column":54}},"4":{"start":{"line":17,"column":4},"end":{"line":17,"column":52}},"5":{"start":{"line":21,"column":18},"end":{"line":21,"column":55}},"6":{"start":{"line":22,"column":4},"end":{"line":22,"column":49}},"7":{"start":{"line":23,"column":4},"end":{"line":25,"column":6}},"8":{"start":{"line":29,"column":4},"end":{"line":29,"column":26}},"9":{"start":{"line":30,"column":18},"end":{"line":30,"column":42}},"10":{"start":{"line":31,"column":23},"end":{"line":31,"column":44}},"11":{"start":{"line":33,"column":4},"end":{"line":37,"column":5}},"12":{"start":{"line":34,"column":6},"end":{"line":34,"column":88}},"13":{"start":{"line":36,"column":6},"end":{"line":36,"column":103}},"14":{"start":{"line":41,"column":4},"end":{"line":43,"column":12}},"15":{"start":{"line":42,"column":6},"end":{"line":42,"column":34}},"16":{"start":{"line":47,"column":4},"end":{"line":60,"column":5}},"17":{"start":{"line":52,"column":63},"end":{"line":52,"column":86}}},"fnMap":{"0":{"name":"(anonymous_0)","decl":{"start":{"line":5,"column":2},"end":{"line":5,"column":3}},"loc":{"start":{"line":5,"column":17},"end":{"line":18,"column":3}},"line":5},"1":{"name":"(anonymous_1)","decl":{"start":{"line":20,"column":2},"end":{"line":20,"column":3}},"loc":{"start":{"line":20,"column":24},"end":{"line":26,"column":3}},"line":20},"2":{"name":"(anonymous_2)","decl":{"start":{"line":28,"column":2},"end":{"line":28,"column":3}},"loc":{"start":{"line":28,"column":22},"end":{"line":38,"column":3}},"line":28},"3":{"name":"(anonymous_3)","decl":{"start":{"line":40,"column":2},"end":{"line":40,"column":3}},"loc":{"start":{"line":40,"column":18},"end":{"line":44,"column":3}},"line":40},"4":{"name":"(anonymous_4)","decl":{"start":{"line":41,"column":15},"end":{"line":41,"column":16}},"loc":{"start":{"line":41,"column":21},"end":{"line":43,"column":5}},"line":41},"5":{"name":"(anonymous_5)","decl":{"start":{"line":46,"column":2},"end":{"line":46,"column":3}},"loc":{"start":{"line":46,"column":12},"end":{"line":61,"column":3}},"line":46},"6":{"name":"(anonymous_6)","decl":{"start":{"line":52,"column":52},"end":{"line":52,"column":53}},"loc":{"start":{"line":52,"column":63},"end":{"line":52,"column":86}},"line":52}},"branchMap":{"0":{"loc":{"start":{"line":33,"column":4},"end":{"line":37,"column":5}},"type":"if","locations":[{"start":{"line":33,"column":4},"end":{"line":37,"column":5}},{"start":{"line":33,"column":4},"end":{"line":37,"column":5}}],"line":33},"1":{"loc":{"start":{"line":56,"column":22},"end":{"line":56,"column":61}},"type":"cond-expr","locations":[{"start":{"line":56,"column":41},"end":{"line":56,"column":50}},{"start":{"line":56,"column":53},"end":{"line":56,"column":61}}],"line":56}},"s":{"0":2,"1":2,"2":2,"3":2,"4":2,"5":0,"6":0,"7":0,"8":0,"9":0,"10":0,"11":0,"12":0,"13":0,"14":0,"15":0,"16":3,"17":0},"f":{"0":2,"1":0,"2":0,"3":0,"4":0,"5":3,"6":0},"b":{"0":[0,0],"1":[0,3]},"_coverageSchema":"332fd63041d2c1bcb487cc26dd0d5f7d97098a6c","hash":"bead893eea4ccb959e7e63b0867a3f907e7f10c9"}
,"/Users/vientang/Desktop/vientang-frontend-test/westeros-recipes/src/components/containers/Rating.js": {"path":"/Users/vientang/Desktop/vientang-frontend-test/westeros-recipes/src/components/containers/Rating.js","statementMap":{"0":{"start":{"line":3,"column":14},"end":{"line":3,"column":38}},"1":{"start":{"line":4,"column":16},"end":{"line":4,"column":41}},"2":{"start":{"line":8,"column":4},"end":{"line":8,"column":16}},"3":{"start":{"line":9,"column":4},"end":{"line":14,"column":5}},"4":{"start":{"line":15,"column":4},"end":{"line":15,"column":58}},"5":{"start":{"line":16,"column":4},"end":{"line":16,"column":56}},"6":{"start":{"line":17,"column":4},"end":{"line":17,"column":46}},"7":{"start":{"line":18,"column":4},"end":{"line":18,"column":42}},"8":{"start":{"line":22,"column":4},"end":{"line":22,"column":26}},"9":{"start":{"line":23,"column":17},"end":{"line":23,"column":53}},"10":{"start":{"line":25,"column":4},"end":{"line":27,"column":5}},"11":{"start":{"line":26,"column":6},"end":{"line":26,"column":61}},"12":{"start":{"line":28,"column":4},"end":{"line":33,"column":5}},"13":{"start":{"line":29,"column":6},"end":{"line":32,"column":8}},"14":{"start":{"line":37,"column":4},"end":{"line":37,"column":26}},"15":{"start":{"line":38,"column":17},"end":{"line":38,"column":53}},"16":{"start":{"line":39,"column":4},"end":{"line":44,"column":5}},"17":{"start":{"line":40,"column":6},"end":{"line":43,"column":8}},"18":{"start":{"line":48,"column":4},"end":{"line":48,"column":26}},"19":{"start":{"line":49,"column":17},"end":{"line":49,"column":53}},"20":{"start":{"line":50,"column":4},"end":{"line":55,"column":6}},"21":{"start":{"line":59,"column":4},"end":{"line":61,"column":5}},"22":{"start":{"line":60,"column":6},"end":{"line":60,"column":17}},"23":{"start":{"line":65,"column":4},"end":{"line":98,"column":5}}},"fnMap":{"0":{"name":"(anonymous_0)","decl":{"start":{"line":7,"column":2},"end":{"line":7,"column":3}},"loc":{"start":{"line":7,"column":22},"end":{"line":19,"column":3}},"line":7},"1":{"name":"(anonymous_1)","decl":{"start":{"line":21,"column":2},"end":{"line":21,"column":3}},"loc":{"start":{"line":21,"column":25},"end":{"line":34,"column":3}},"line":21},"2":{"name":"(anonymous_2)","decl":{"start":{"line":36,"column":2},"end":{"line":36,"column":3}},"loc":{"start":{"line":36,"column":26},"end":{"line":45,"column":3}},"line":36},"3":{"name":"(anonymous_3)","decl":{"start":{"line":47,"column":2},"end":{"line":47,"column":3}},"loc":{"start":{"line":47,"column":20},"end":{"line":56,"column":3}},"line":47},"4":{"name":"(anonymous_4)","decl":{"start":{"line":58,"column":2},"end":{"line":58,"column":3}},"loc":{"start":{"line":58,"column":14},"end":{"line":62,"column":3}},"line":58},"5":{"name":"(anonymous_5)","decl":{"start":{"line":64,"column":2},"end":{"line":64,"column":3}},"loc":{"start":{"line":64,"column":12},"end":{"line":99,"column":3}},"line":64}},"branchMap":{"0":{"loc":{"start":{"line":25,"column":4},"end":{"line":27,"column":5}},"type":"if","locations":[{"start":{"line":25,"column":4},"end":{"line":27,"column":5}},{"start":{"line":25,"column":4},"end":{"line":27,"column":5}}],"line":25},"1":{"loc":{"start":{"line":28,"column":4},"end":{"line":33,"column":5}},"type":"if","locations":[{"start":{"line":28,"column":4},"end":{"line":33,"column":5}},{"start":{"line":28,"column":4},"end":{"line":33,"column":5}}],"line":28},"2":{"loc":{"start":{"line":31,"column":16},"end":{"line":31,"column":35}},"type":"binary-expr","locations":[{"start":{"line":31,"column":16},"end":{"line":31,"column":29}},{"start":{"line":31,"column":33},"end":{"line":31,"column":35}}],"line":31},"3":{"loc":{"start":{"line":39,"column":4},"end":{"line":44,"column":5}},"type":"if","locations":[{"start":{"line":39,"column":4},"end":{"line":44,"column":5}},{"start":{"line":39,"column":4},"end":{"line":44,"column":5}}],"line":39},"4":{"loc":{"start":{"line":59,"column":4},"end":{"line":61,"column":5}},"type":"if","locations":[{"start":{"line":59,"column":4},"end":{"line":61,"column":5}},{"start":{"line":59,"column":4},"end":{"line":61,"column":5}}],"line":59},"5":{"loc":{"start":{"line":59,"column":8},"end":{"line":59,"column":76}},"type":"binary-expr","locations":[{"start":{"line":59,"column":9},"end":{"line":59,"column":27}},{"start":{"line":59,"column":31},"end":{"line":59,"column":49}},{"start":{"line":59,"column":54},"end":{"line":59,"column":76}}],"line":59},"6":{"loc":{"start":{"line":69,"column":15},"end":{"line":69,"column":48}},"type":"cond-expr","locations":[{"start":{"line":69,"column":33},"end":{"line":69,"column":40}},{"start":{"line":69,"column":43},"end":{"line":69,"column":48}}],"line":69},"7":{"loc":{"start":{"line":75,"column":15},"end":{"line":75,"column":48}},"type":"cond-expr","locations":[{"start":{"line":75,"column":33},"end":{"line":75,"column":40}},{"start":{"line":75,"column":43},"end":{"line":75,"column":48}}],"line":75},"8":{"loc":{"start":{"line":81,"column":15},"end":{"line":81,"column":48}},"type":"cond-expr","locations":[{"start":{"line":81,"column":33},"end":{"line":81,"column":40}},{"start":{"line":81,"column":43},"end":{"line":81,"column":48}}],"line":81},"9":{"loc":{"start":{"line":87,"column":15},"end":{"line":87,"column":48}},"type":"cond-expr","locations":[{"start":{"line":87,"column":33},"end":{"line":87,"column":40}},{"start":{"line":87,"column":43},"end":{"line":87,"column":48}}],"line":87},"10":{"loc":{"start":{"line":93,"column":15},"end":{"line":93,"column":48}},"type":"cond-expr","locations":[{"start":{"line":93,"column":33},"end":{"line":93,"column":40}},{"start":{"line":93,"column":43},"end":{"line":93,"column":48}}],"line":93}},"s":{"0":2,"1":2,"2":0,"3":0,"4":0,"5":0,"6":0,"7":0,"8":0,"9":0,"10":0,"11":0,"12":0,"13":0,"14":0,"15":0,"16":0,"17":0,"18":0,"19":0,"20":0,"21":0,"22":0,"23":0},"f":{"0":0,"1":0,"2":0,"3":0,"4":0,"5":0},"b":{"0":[0,0],"1":[0,0],"2":[0,0],"3":[0,0],"4":[0,0],"5":[0,0,0],"6":[0,0],"7":[0,0],"8":[0,0],"9":[0,0],"10":[0,0]},"_coverageSchema":"332fd63041d2c1bcb487cc26dd0d5f7d97098a6c","hash":"3b1ec61d757f74cd1e377bc83023237a13be3089"}
,"/Users/vientang/Desktop/vientang-frontend-test/westeros-recipes/src/components/containers/RecipeCard.js": {"path":"/Users/vientang/Desktop/vientang-frontend-test/westeros-recipes/src/components/containers/RecipeCard.js","statementMap":{"0":{"start":{"line":7,"column":4},"end":{"line":7,"column":11}},"1":{"start":{"line":8,"column":4},"end":{"line":16,"column":5}},"2":{"start":{"line":17,"column":4},"end":{"line":17,"column":48}},"3":{"start":{"line":18,"column":4},"end":{"line":18,"column":46}},"4":{"start":{"line":19,"column":4},"end":{"line":19,"column":48}},"5":{"start":{"line":23,"column":4},"end":{"line":23,"column":26}},"6":{"start":{"line":24,"column":13},"end":{"line":24,"column":44}},"7":{"start":{"line":25,"column":16},"end":{"line":25,"column":69}},"8":{"start":{"line":26,"column":4},"end":{"line":30,"column":6}},"9":{"start":{"line":34,"column":4},"end":{"line":34,"column":26}},"10":{"start":{"line":35,"column":13},"end":{"line":35,"column":44}},"11":{"start":{"line":36,"column":15},"end":{"line":36,"column":48}},"12":{"start":{"line":37,"column":19},"end":{"line":37,"column":61}},"13":{"start":{"line":38,"column":4},"end":{"line":38,"column":44}},"14":{"start":{"line":39,"column":4},"end":{"line":44,"column":6}},"15":{"start":{"line":48,"column":4},"end":{"line":48,"column":47}},"16":{"start":{"line":49,"column":4},"end":{"line":52,"column":6}},"17":{"start":{"line":56,"column":4},"end":{"line":106,"column":5}},"18":{"start":{"line":59,"column":69},"end":{"line":59,"column":75}},"19":{"start":{"line":60,"column":31},"end":{"line":60,"column":81}},"20":{"start":{"line":61,"column":10},"end":{"line":103,"column":20}},"21":{"start":{"line":110,"column":0},"end":{"line":112,"column":1}}},"fnMap":{"0":{"name":"(anonymous_0)","decl":{"start":{"line":6,"column":2},"end":{"line":6,"column":3}},"loc":{"start":{"line":6,"column":17},"end":{"line":20,"column":3}},"line":6},"1":{"name":"(anonymous_1)","decl":{"start":{"line":22,"column":2},"end":{"line":22,"column":3}},"loc":{"start":{"line":22,"column":21},"end":{"line":31,"column":3}},"line":22},"2":{"name":"(anonymous_2)","decl":{"start":{"line":33,"column":2},"end":{"line":33,"column":3}},"loc":{"start":{"line":33,"column":20},"end":{"line":45,"column":3}},"line":33},"3":{"name":"(anonymous_3)","decl":{"start":{"line":47,"column":2},"end":{"line":47,"column":3}},"loc":{"start":{"line":47,"column":16},"end":{"line":53,"column":3}},"line":47},"4":{"name":"(anonymous_4)","decl":{"start":{"line":55,"column":2},"end":{"line":55,"column":3}},"loc":{"start":{"line":55,"column":12},"end":{"line":107,"column":3}},"line":55},"5":{"name":"(anonymous_5)","decl":{"start":{"line":58,"column":54},"end":{"line":58,"column":55}},"loc":{"start":{"line":58,"column":71},"end":{"line":104,"column":9}},"line":58}},"branchMap":{"0":{"loc":{"start":{"line":25,"column":16},"end":{"line":25,"column":69}},"type":"cond-expr","locations":[{"start":{"line":25,"column":54},"end":{"line":25,"column":59}},{"start":{"line":25,"column":62},"end":{"line":25,"column":69}}],"line":25},"1":{"loc":{"start":{"line":58,"column":9},"end":{"line":104,"column":10}},"type":"binary-expr","locations":[{"start":{"line":58,"column":9},"end":{"line":58,"column":27}},{"start":{"line":58,"column":31},"end":{"line":104,"column":10}}],"line":58},"2":{"loc":{"start":{"line":68,"column":27},"end":{"line":68,"column":133}},"type":"cond-expr","locations":[{"start":{"line":68,"column":97},"end":{"line":68,"column":117}},{"start":{"line":68,"column":120},"end":{"line":68,"column":133}}],"line":68},"3":{"loc":{"start":{"line":68,"column":28},"end":{"line":68,"column":93}},"type":"binary-expr","locations":[{"start":{"line":68,"column":28},"end":{"line":68,"column":58}},{"start":{"line":68,"column":62},"end":{"line":68,"column":93}}],"line":68},"4":{"loc":{"start":{"line":92,"column":15},"end":{"line":101,"column":30}},"type":"binary-expr","locations":[{"start":{"line":92,"column":15},"end":{"line":92,"column":58}},{"start":{"line":93,"column":16},"end":{"line":101,"column":30}}],"line":92}},"s":{"0":0,"1":0,"2":0,"3":0,"4":0,"5":0,"6":0,"7":0,"8":0,"9":0,"10":0,"11":0,"12":0,"13":0,"14":0,"15":0,"16":0,"17":0,"18":0,"19":0,"20":0,"21":2},"f":{"0":0,"1":0,"2":0,"3":0,"4":0,"5":0},"b":{"0":[0,0],"1":[0,0],"2":[0,0],"3":[0,0],"4":[0,0]},"_coverageSchema":"332fd63041d2c1bcb487cc26dd0d5f7d97098a6c","hash":"fd26484fc77345d284069f592b489871775b7d05"}
,"/Users/vientang/Desktop/vientang-frontend-test/westeros-recipes/src/components/containers/RecipesContainer.js": {"path":"/Users/vientang/Desktop/vientang-frontend-test/westeros-recipes/src/components/containers/RecipesContainer.js","statementMap":{"0":{"start":{"line":7,"column":4},"end":{"line":7,"column":11}},"1":{"start":{"line":8,"column":4},"end":{"line":10,"column":5}},"2":{"start":{"line":15,"column":4},"end":{"line":21,"column":6}},"3":{"start":{"line":16,"column":6},"end":{"line":18,"column":7}},"4":{"start":{"line":17,"column":8},"end":{"line":17,"column":29}},"5":{"start":{"line":19,"column":22},"end":{"line":19,"column":52}},"6":{"start":{"line":20,"column":6},"end":{"line":20,"column":39}},"7":{"start":{"line":25,"column":4},"end":{"line":31,"column":5}}},"fnMap":{"0":{"name":"(anonymous_0)","decl":{"start":{"line":6,"column":2},"end":{"line":6,"column":3}},"loc":{"start":{"line":6,"column":17},"end":{"line":11,"column":3}},"line":6},"1":{"name":"(anonymous_1)","decl":{"start":{"line":13,"column":2},"end":{"line":13,"column":3}},"loc":{"start":{"line":13,"column":23},"end":{"line":22,"column":3}},"line":13},"2":{"name":"(anonymous_2)","decl":{"start":{"line":15,"column":41},"end":{"line":15,"column":42}},"loc":{"start":{"line":15,"column":60},"end":{"line":21,"column":5}},"line":15},"3":{"name":"(anonymous_3)","decl":{"start":{"line":24,"column":2},"end":{"line":24,"column":3}},"loc":{"start":{"line":24,"column":12},"end":{"line":32,"column":3}},"line":24}},"branchMap":{"0":{"loc":{"start":{"line":16,"column":6},"end":{"line":18,"column":7}},"type":"if","locations":[{"start":{"line":16,"column":6},"end":{"line":18,"column":7}},{"start":{"line":16,"column":6},"end":{"line":18,"column":7}}],"line":16}},"s":{"0":0,"1":0,"2":0,"3":0,"4":0,"5":0,"6":0,"7":0},"f":{"0":0,"1":0,"2":0,"3":0},"b":{"0":[0,0]},"_coverageSchema":"332fd63041d2c1bcb487cc26dd0d5f7d97098a6c","hash":"687e86cf92351d474239181ec03ed56ce9c6fdf8"}
,"/Users/vientang/Desktop/vientang-frontend-test/westeros-recipes/src/components/containers/index.js": {"path":"/Users/vientang/Desktop/vientang-frontend-test/westeros-recipes/src/components/containers/index.js","statementMap":{},"fnMap":{},"branchMap":{},"s":{},"f":{},"b":{},"_coverageSchema":"332fd63041d2c1bcb487cc26dd0d5f7d97098a6c","hash":"3216f99282cc230ad08417bf8052eaf53a8bfe5b"}
,"/Users/vientang/Desktop/vientang-frontend-test/westeros-recipes/src/components/presentation/Ingredients.js": {"path":"/Users/vientang/Desktop/vientang-frontend-test/westeros-recipes/src/components/presentation/Ingredients.js","statementMap":{"0":{"start":{"line":3,"column":20},"end":{"line":25,"column":1}},"1":{"start":{"line":4,"column":2},"end":{"line":6,"column":3}},"2":{"start":{"line":5,"column":4},"end":{"line":5,"column":15}},"3":{"start":{"line":7,"column":2},"end":{"line":24,"column":3}},"4":{"start":{"line":18,"column":12},"end":{"line":18,"column":44}},"5":{"start":{"line":27,"column":0},"end":{"line":33,"column":1}}},"fnMap":{"0":{"name":"(anonymous_0)","decl":{"start":{"line":3,"column":20},"end":{"line":3,"column":21}},"loc":{"start":{"line":3,"column":72},"end":{"line":25,"column":1}},"line":3},"1":{"name":"(anonymous_1)","decl":{"start":{"line":17,"column":27},"end":{"line":17,"column":28}},"loc":{"start":{"line":17,"column":42},"end":{"line":19,"column":11}},"line":17}},"branchMap":{"0":{"loc":{"start":{"line":4,"column":2},"end":{"line":6,"column":3}},"type":"if","locations":[{"start":{"line":4,"column":2},"end":{"line":6,"column":3}},{"start":{"line":4,"column":2},"end":{"line":6,"column":3}}],"line":4},"1":{"loc":{"start":{"line":8,"column":24},"end":{"line":8,"column":48}},"type":"cond-expr","locations":[{"start":{"line":8,"column":33},"end":{"line":8,"column":43}},{"start":{"line":8,"column":46},"end":{"line":8,"column":48}}],"line":8}},"s":{"0":2,"1":0,"2":0,"3":0,"4":0,"5":2},"f":{"0":0,"1":0},"b":{"0":[0,0],"1":[0,0]},"_coverageSchema":"332fd63041d2c1bcb487cc26dd0d5f7d97098a6c","hash":"7ace12599f4dbf87fedc39961d8dfa890c41c5ba"}
,"/Users/vientang/Desktop/vientang-frontend-test/westeros-recipes/src/components/presentation/IngredientsHeading.js": {"path":"/Users/vientang/Desktop/vientang-frontend-test/westeros-recipes/src/components/presentation/IngredientsHeading.js","statementMap":{"0":{"start":{"line":3,"column":27},"end":{"line":18,"column":1}},"1":{"start":{"line":4,"column":61},"end":{"line":4,"column":73}},"2":{"start":{"line":5,"column":2},"end":{"line":17,"column":3}},"3":{"start":{"line":20,"column":0},"end":{"line":22,"column":1}}},"fnMap":{"0":{"name":"(anonymous_0)","decl":{"start":{"line":3,"column":27},"end":{"line":3,"column":28}},"loc":{"start":{"line":3,"column":47},"end":{"line":18,"column":1}},"line":3}},"branchMap":{"0":{"loc":{"start":{"line":9,"column":9},"end":{"line":9,"column":76}},"type":"binary-expr","locations":[{"start":{"line":9,"column":9},"end":{"line":9,"column":13}},{"start":{"line":9,"column":17},"end":{"line":9,"column":76}}],"line":9},"1":{"loc":{"start":{"line":10,"column":9},"end":{"line":10,"column":91}},"type":"binary-expr","locations":[{"start":{"line":10,"column":9},"end":{"line":10,"column":17}},{"start":{"line":10,"column":21},"end":{"line":10,"column":91}}],"line":10},"2":{"loc":{"start":{"line":11,"column":9},"end":{"line":11,"column":77}},"type":"binary-expr","locations":[{"start":{"line":11,"column":9},"end":{"line":11,"column":15}},{"start":{"line":11,"column":19},"end":{"line":11,"column":77}}],"line":11},"3":{"loc":{"start":{"line":12,"column":9},"end":{"line":12,"column":80}},"type":"binary-expr","locations":[{"start":{"line":12,"column":9},"end":{"line":12,"column":15}},{"start":{"line":12,"column":19},"end":{"line":12,"column":80}}],"line":12},"4":{"loc":{"start":{"line":13,"column":9},"end":{"line":13,"column":88}},"type":"binary-expr","locations":[{"start":{"line":13,"column":9},"end":{"line":13,"column":17}},{"start":{"line":13,"column":21},"end":{"line":13,"column":88}}],"line":13},"5":{"loc":{"start":{"line":14,"column":9},"end":{"line":14,"column":80}},"type":"binary-expr","locations":[{"start":{"line":14,"column":9},"end":{"line":14,"column":13}},{"start":{"line":14,"column":17},"end":{"line":14,"column":80}}],"line":14}},"s":{"0":2,"1":0,"2":0,"3":2},"f":{"0":0},"b":{"0":[0,0],"1":[0,0],"2":[0,0],"3":[0,0],"4":[0,0],"5":[0,0]},"_coverageSchema":"332fd63041d2c1bcb487cc26dd0d5f7d97098a6c","hash":"3d8f28596a8ac3c411e59ac649453881e974c419"}
,"/Users/vientang/Desktop/vientang-frontend-test/westeros-recipes/src/components/presentation/User.js": {"path":"/Users/vientang/Desktop/vientang-frontend-test/westeros-recipes/src/components/presentation/User.js","statementMap":{"0":{"start":{"line":3,"column":13},"end":{"line":13,"column":1}},"1":{"start":{"line":4,"column":24},"end":{"line":4,"column":28}},"2":{"start":{"line":5,"column":17},"end":{"line":5,"column":34}},"3":{"start":{"line":6,"column":2},"end":{"line":12,"column":3}},"4":{"start":{"line":15,"column":0},"end":{"line":17,"column":1}}},"fnMap":{"0":{"name":"(anonymous_0)","decl":{"start":{"line":3,"column":13},"end":{"line":3,"column":14}},"loc":{"start":{"line":3,"column":25},"end":{"line":13,"column":1}},"line":3}},"branchMap":{},"s":{"0":2,"1":0,"2":0,"3":0,"4":2},"f":{"0":0},"b":{},"_coverageSchema":"332fd63041d2c1bcb487cc26dd0d5f7d97098a6c","hash":"c73a041ddd2949fd7e84102e862e6bc7719b1c1a"}
,"/Users/vientang/Desktop/vientang-frontend-test/westeros-recipes/src/components/presentation/index.js": {"path":"/Users/vientang/Desktop/vientang-frontend-test/westeros-recipes/src/components/presentation/index.js","statementMap":{},"fnMap":{},"branchMap":{},"s":{},"f":{},"b":{},"_coverageSchema":"332fd63041d2c1bcb487cc26dd0d5f7d97098a6c","hash":"30d4c80dd0b9aa14a408547c4f8bbb87877db551"}
,"/Users/vientang/Desktop/vientang-frontend-test/westeros-recipes/src/utils/APIManager.js": {"path":"/Users/vientang/Desktop/vientang-frontend-test/westeros-recipes/src/utils/APIManager.js","statementMap":{"0":{"start":{"line":5,"column":4},"end":{"line":15,"column":8}},"1":{"start":{"line":10,"column":8},"end":{"line":13,"column":9}},"2":{"start":{"line":11,"column":10},"end":{"line":11,"column":29}},"3":{"start":{"line":12,"column":10},"end":{"line":12,"column":20}},"4":{"start":{"line":14,"column":8},"end":{"line":14,"column":32}}},"fnMap":{"0":{"name":"(anonymous_0)","decl":{"start":{"line":4,"column":7},"end":{"line":4,"column":8}},"loc":{"start":{"line":4,"column":39},"end":{"line":16,"column":3}},"line":4},"1":{"name":"(anonymous_1)","decl":{"start":{"line":9,"column":11},"end":{"line":9,"column":12}},"loc":{"start":{"line":9,"column":30},"end":{"line":15,"column":7}},"line":9}},"branchMap":{"0":{"loc":{"start":{"line":10,"column":8},"end":{"line":13,"column":9}},"type":"if","locations":[{"start":{"line":10,"column":8},"end":{"line":13,"column":9}},{"start":{"line":10,"column":8},"end":{"line":13,"column":9}}],"line":10}},"s":{"0":1,"1":0,"2":0,"3":0,"4":0},"f":{"0":1,"1":0},"b":{"0":[0,0]},"_coverageSchema":"332fd63041d2c1bcb487cc26dd0d5f7d97098a6c","hash":"f027f28a15fd8fba63ea66f14499c16f7f841b0a"}
,"/Users/vientang/Desktop/vientang-frontend-test/westeros-recipes/src/utils/Validate.js": {"path":"/Users/vientang/Desktop/vientang-frontend-test/westeros-recipes/src/utils/Validate.js","statementMap":{"0":{"start":{"line":3,"column":4},"end":{"line":3,"column":28}},"1":{"start":{"line":3,"column":16},"end":{"line":3,"column":28}},"2":{"start":{"line":4,"column":21},"end":{"line":4,"column":24}},"3":{"start":{"line":5,"column":19},"end":{"line":5,"column":49}},"4":{"start":{"line":6,"column":4},"end":{"line":6,"column":57}}},"fnMap":{"0":{"name":"(anonymous_0)","decl":{"start":{"line":2,"column":9},"end":{"line":2,"column":10}},"loc":{"start":{"line":2,"column":20},"end":{"line":7,"column":3}},"line":2}},"branchMap":{"0":{"loc":{"start":{"line":3,"column":4},"end":{"line":3,"column":28}},"type":"if","locations":[{"start":{"line":3,"column":4},"end":{"line":3,"column":28}},{"start":{"line":3,"column":4},"end":{"line":3,"column":28}}],"line":3},"1":{"loc":{"start":{"line":6,"column":11},"end":{"line":6,"column":57}},"type":"binary-expr","locations":[{"start":{"line":6,"column":11},"end":{"line":6,"column":29}},{"start":{"line":6,"column":33},"end":{"line":6,"column":57}}],"line":6}},"s":{"0":1,"1":0,"2":1,"3":1,"4":1},"f":{"0":1},"b":{"0":[0,1],"1":[1,1]},"_coverageSchema":"332fd63041d2c1bcb487cc26dd0d5f7d97098a6c","hash":"1fdd4cb7ed49b9529cc526f73eaa6521d6a7de8d"}
,"/Users/vientang/Desktop/vientang-frontend-test/westeros-recipes/src/utils/index.js": {"path":"/Users/vientang/Desktop/vientang-frontend-test/westeros-recipes/src/utils/index.js","statementMap":{},"fnMap":{},"branchMap":{},"s":{},"f":{},"b":{},"_coverageSchema":"332fd63041d2c1bcb487cc26dd0d5f7d97098a6c","hash":"17147d713cb0d3208286da37d8fb70bcc1582c82"}
}
