TN:
SF:/Users/vientang/Desktop/vientang-frontend-test/westeros-recipes/src/components/containers/Login.js
FN:5,(anonymous_0)
FN:20,(anonymous_1)
FN:28,(anonymous_2)
FN:40,(anonymous_3)
FN:41,(anonymous_4)
FN:46,(anonymous_5)
FN:52,(anonymous_6)
FNF:7
FNH:2
FNDA:2,(anonymous_0)
FNDA:0,(anonymous_1)
FNDA:0,(anonymous_2)
FNDA:0,(anonymous_3)
FNDA:0,(anonymous_4)
FNDA:3,(anonymous_5)
FNDA:0,(anonymous_6)
DA:6,2
DA:7,2
DA:15,2
DA:16,2
DA:17,2
DA:21,0
DA:22,0
DA:23,0
DA:29,0
DA:30,0
DA:31,0
DA:33,0
DA:34,0
DA:36,0
DA:41,0
DA:42,0
DA:47,3
DA:52,0
LF:18
LH:6
BRDA:33,0,0,0
BRDA:33,0,1,0
BRDA:56,1,0,0
BRDA:56,1,1,3
BRF:4
BRH:1
end_of_record
TN:
SF:/Users/vientang/Desktop/vientang-frontend-test/westeros-recipes/src/components/containers/Rating.js
FN:7,(anonymous_0)
FN:21,(anonymous_1)
FN:36,(anonymous_2)
FN:47,(anonymous_3)
FN:58,(anonymous_4)
FN:64,(anonymous_5)
FNF:6
FNH:0
FNDA:0,(anonymous_0)
FNDA:0,(anonymous_1)
FNDA:0,(anonymous_2)
FNDA:0,(anonymous_3)
FNDA:0,(anonymous_4)
FNDA:0,(anonymous_5)
DA:3,2
DA:4,2
DA:8,0
DA:9,0
DA:15,0
DA:16,0
DA:17,0
DA:18,0
DA:22,0
DA:23,0
DA:25,0
DA:26,0
DA:28,0
DA:29,0
DA:37,0
DA:38,0
DA:39,0
DA:40,0
DA:48,0
DA:49,0
DA:50,0
DA:59,0
DA:60,0
DA:65,0
LF:24
LH:2
BRDA:25,0,0,0
BRDA:25,0,1,0
BRDA:28,1,0,0
BRDA:28,1,1,0
BRDA:31,2,0,0
BRDA:31,2,1,0
BRDA:39,3,0,0
BRDA:39,3,1,0
BRDA:59,4,0,0
BRDA:59,4,1,0
BRDA:59,5,0,0
BRDA:59,5,1,0
BRDA:59,5,2,0
BRDA:69,6,0,0
BRDA:69,6,1,0
BRDA:75,7,0,0
BRDA:75,7,1,0
BRDA:81,8,0,0
BRDA:81,8,1,0
BRDA:87,9,0,0
BRDA:87,9,1,0
BRDA:93,10,0,0
BRDA:93,10,1,0
BRF:23
BRH:0
end_of_record
TN:
SF:/Users/vientang/Desktop/vientang-frontend-test/westeros-recipes/src/components/containers/RecipeCard.js
FN:6,(anonymous_0)
FN:22,(anonymous_1)
FN:33,(anonymous_2)
FN:47,(anonymous_3)
FN:55,(anonymous_4)
FN:58,(anonymous_5)
FNF:6
FNH:0
FNDA:0,(anonymous_0)
FNDA:0,(anonymous_1)
FNDA:0,(anonymous_2)
FNDA:0,(anonymous_3)
FNDA:0,(anonymous_4)
FNDA:0,(anonymous_5)
DA:7,0
DA:8,0
DA:17,0
DA:18,0
DA:19,0
DA:23,0
DA:24,0
DA:25,0
DA:26,0
DA:34,0
DA:35,0
DA:36,0
DA:37,0
DA:38,0
DA:39,0
DA:48,0
DA:49,0
DA:56,0
DA:59,0
DA:60,0
DA:61,0
DA:110,2
LF:22
LH:1
BRDA:25,0,0,0
BRDA:25,0,1,0
BRDA:58,1,0,0
BRDA:58,1,1,0
BRDA:68,2,0,0
BRDA:68,2,1,0
BRDA:68,3,0,0
BRDA:68,3,1,0
BRDA:92,4,0,0
BRDA:92,4,1,0
BRF:10
BRH:0
end_of_record
TN:
SF:/Users/vientang/Desktop/vientang-frontend-test/westeros-recipes/src/components/containers/RecipesContainer.js
FN:6,(anonymous_0)
FN:13,(anonymous_1)
FN:15,(anonymous_2)
FN:24,(anonymous_3)
FNF:4
FNH:0
FNDA:0,(anonymous_0)
FNDA:0,(anonymous_1)
FNDA:0,(anonymous_2)
FNDA:0,(anonymous_3)
DA:7,0
DA:8,0
DA:15,0
DA:16,0
DA:17,0
DA:19,0
DA:20,0
DA:25,0
LF:8
LH:0
BRDA:16,0,0,0
BRDA:16,0,1,0
BRF:2
BRH:0
end_of_record
TN:
SF:/Users/vientang/Desktop/vientang-frontend-test/westeros-recipes/src/components/containers/index.js
FNF:0
FNH:0
LF:0
LH:0
BRF:0
BRH:0
end_of_record
TN:
SF:/Users/vientang/Desktop/vientang-frontend-test/westeros-recipes/src/components/presentation/Ingredients.js
FN:3,(anonymous_0)
FN:17,(anonymous_1)
FNF:2
FNH:0
FNDA:0,(anonymous_0)
FNDA:0,(anonymous_1)
DA:3,2
DA:4,0
DA:5,0
DA:7,0
DA:18,0
DA:27,2
LF:6
LH:2
BRDA:4,0,0,0
BRDA:4,0,1,0
BRDA:8,1,0,0
BRDA:8,1,1,0
BRF:4
BRH:0
end_of_record
TN:
SF:/Users/vientang/Desktop/vientang-frontend-test/westeros-recipes/src/components/presentation/IngredientsHeading.js
FN:3,(anonymous_0)
FNF:1
FNH:0
FNDA:0,(anonymous_0)
DA:3,2
DA:4,0
DA:5,0
DA:20,2
LF:4
LH:2
BRDA:9,0,0,0
BRDA:9,0,1,0
BRDA:10,1,0,0
BRDA:10,1,1,0
BRDA:11,2,0,0
BRDA:11,2,1,0
BRDA:12,3,0,0
BRDA:12,3,1,0
BRDA:13,4,0,0
BRDA:13,4,1,0
BRDA:14,5,0,0
BRDA:14,5,1,0
BRF:12
BRH:0
end_of_record
TN:
SF:/Users/vientang/Desktop/vientang-frontend-test/westeros-recipes/src/components/presentation/User.js
FN:3,(anonymous_0)
FNF:1
FNH:0
FNDA:0,(anonymous_0)
DA:3,2
DA:4,0
DA:5,0
DA:6,0
DA:15,2
LF:5
LH:2
BRF:0
BRH:0
end_of_record
TN:
SF:/Users/vientang/Desktop/vientang-frontend-test/westeros-recipes/src/components/presentation/index.js
FNF:0
FNH:0
LF:0
LH:0
BRF:0
BRH:0
end_of_record
TN:
SF:/Users/vientang/Desktop/vientang-frontend-test/westeros-recipes/src/utils/APIManager.js
FN:4,(anonymous_0)
FN:9,(anonymous_1)
FNF:2
FNH:1
FNDA:1,(anonymous_0)
FNDA:0,(anonymous_1)
DA:5,1
DA:10,0
DA:11,0
DA:12,0
DA:14,0
LF:5
LH:1
BRDA:10,0,0,0
BRDA:10,0,1,0
BRF:2
BRH:0
end_of_record
TN:
SF:/Users/vientang/Desktop/vientang-frontend-test/westeros-recipes/src/utils/Validate.js
FN:2,(anonymous_0)
FNF:1
FNH:1
FNDA:1,(anonymous_0)
DA:3,1
DA:4,1
DA:5,1
DA:6,1
LF:4
LH:4
BRDA:3,0,0,0
BRDA:3,0,1,1
BRDA:6,1,0,1
BRDA:6,1,1,1
BRF:4
BRH:3
end_of_record
TN:
SF:/Users/vientang/Desktop/vientang-frontend-test/westeros-recipes/src/utils/index.js
FNF:0
FNH:0
LF:0
LH:0
BRF:0
BRH:0
end_of_record
